2018-08-26 15:17:44.403 [s.w.u.SampleWebUiApplication] StartupInfoLogger.java:50 INFO Starting SampleWebUiApplication on 0ddaf3fa276b with PID 1 (/ROOT.jar started by root in /springboot-sample-web)
2018-08-26 15:17:44.436 [s.w.u.SampleWebUiApplication] SpringApplication.java:662 INFO No active profile set, falling back to default profiles: default
2018-08-26 15:17:44.591 [o.s.b.w.s.c.AnnotationConfigServletWebServerApplicationContext] AbstractApplicationContext.java:590 INFO Refreshing org.springframework.boot.web.servlet.context.AnnotationConfigServletWebServerApplicationContext@2280cdac: startup date [Sun Aug 26 15:17:44 UTC 2018]; root of context hierarchy
2018-08-26 15:17:47.557 [o.s.b.w.e.t.TomcatWebServer] TomcatWebServer.java:91 INFO Tomcat initialized with port(s): 8080 (http)
2018-08-26 15:17:47.619 [o.a.c.c.StandardService] DirectJDKLog.java:180 INFO Starting service [Tomcat]
2018-08-26 15:17:47.620 [o.a.c.c.StandardEngine] DirectJDKLog.java:180 INFO Starting Servlet Engine: Apache Tomcat/8.5.32
2018-08-26 15:17:47.680 [o.a.c.c.AprLifecycleListener] DirectJDKLog.java:180 INFO The APR based Apache Tomcat Native library which allows optimal performance in production environments was not found on the java.library.path: [/usr/java/packages/lib/amd64:/usr/lib/x86_64-linux-gnu/jni:/lib/x86_64-linux-gnu:/usr/lib/x86_64-linux-gnu:/usr/lib/jni:/lib:/usr/lib]
2018-08-26 15:17:47.854 [o.a.c.c.C.[.[.[/]] DirectJDKLog.java:180 INFO Initializing Spring embedded WebApplicationContext
2018-08-26 15:17:47.855 [o.s.w.c.ContextLoader] ServletWebServerApplicationContext.java:285 INFO Root WebApplicationContext: initialization completed in 3264 ms
2018-08-26 15:17:48.011 [o.s.b.w.s.ServletRegistrationBean] ServletRegistrationBean.java:187 INFO Servlet dispatcherServlet mapped to [/]
2018-08-26 15:17:48.022 [o.s.b.w.s.FilterRegistrationBean] AbstractFilterRegistrationBean.java:245 INFO Mapping filter: 'characterEncodingFilter' to: [/*]
2018-08-26 15:17:48.022 [o.s.b.w.s.FilterRegistrationBean] AbstractFilterRegistrationBean.java:245 INFO Mapping filter: 'hiddenHttpMethodFilter' to: [/*]
2018-08-26 15:17:48.023 [o.s.b.w.s.FilterRegistrationBean] AbstractFilterRegistrationBean.java:245 INFO Mapping filter: 'httpPutFormContentFilter' to: [/*]
2018-08-26 15:17:48.023 [o.s.b.w.s.FilterRegistrationBean] AbstractFilterRegistrationBean.java:245 INFO Mapping filter: 'requestContextFilter' to: [/*]
2018-08-26 15:17:48.363 [o.s.w.s.h.SimpleUrlHandlerMapping] AbstractUrlHandlerMapping.java:373 INFO Mapped URL path [/**/favicon.ico] onto handler of type [class org.springframework.web.servlet.resource.ResourceHttpRequestHandler]
2018-08-26 15:17:48.712 [o.s.w.s.m.m.a.RequestMappingHandlerAdapter] RequestMappingHandlerAdapter.java:574 INFO Looking for @ControllerAdvice: org.springframework.boot.web.servlet.context.AnnotationConfigServletWebServerApplicationContext@2280cdac: startup date [Sun Aug 26 15:17:44 UTC 2018]; root of context hierarchy
2018-08-26 15:17:48.851 [o.s.w.s.m.m.a.RequestMappingHandlerMapping] AbstractHandlerMethodMapping.java:547 INFO Mapped "{[/health],methods=[GET]}" onto public sample.web.ui.mvc.vo.HealthVo sample.web.ui.mvc.HealthController.getHealth()
2018-08-26 15:17:48.868 [o.s.w.s.m.m.a.RequestMappingHandlerMapping] AbstractHandlerMethodMapping.java:547 INFO Mapped "{[/delete/{id}],methods=[GET]}" onto public org.springframework.web.servlet.ModelAndView sample.web.ui.mvc.MessageController.delete(java.lang.Long)
2018-08-26 15:17:48.869 [o.s.w.s.m.m.a.RequestMappingHandlerMapping] AbstractHandlerMethodMapping.java:547 INFO Mapped "{[/],methods=[POST]}" onto public org.springframework.web.servlet.ModelAndView sample.web.ui.mvc.MessageController.create(sample.web.ui.Message,org.springframework.validation.BindingResult,org.springframework.web.servlet.mvc.support.RedirectAttributes)
2018-08-26 15:17:48.869 [o.s.w.s.m.m.a.RequestMappingHandlerMapping] AbstractHandlerMethodMapping.java:547 INFO Mapped "{[/],methods=[GET]}" onto public org.springframework.web.servlet.ModelAndView sample.web.ui.mvc.MessageController.list()
2018-08-26 15:17:48.870 [o.s.w.s.m.m.a.RequestMappingHandlerMapping] AbstractHandlerMethodMapping.java:547 INFO Mapped "{[/{id}],methods=[GET]}" onto public org.springframework.web.servlet.ModelAndView sample.web.ui.mvc.MessageController.view(sample.web.ui.Message)
2018-08-26 15:17:48.870 [o.s.w.s.m.m.a.RequestMappingHandlerMapping] AbstractHandlerMethodMapping.java:547 INFO Mapped "{[/],methods=[GET],params=[form]}" onto public java.lang.String sample.web.ui.mvc.MessageController.createForm(sample.web.ui.Message)
2018-08-26 15:17:48.870 [o.s.w.s.m.m.a.RequestMappingHandlerMapping] AbstractHandlerMethodMapping.java:547 INFO Mapped "{[/foo]}" onto public java.lang.String sample.web.ui.mvc.MessageController.foo()
2018-08-26 15:17:48.871 [o.s.w.s.m.m.a.RequestMappingHandlerMapping] AbstractHandlerMethodMapping.java:547 INFO Mapped "{[/modify/{id}],methods=[GET]}" onto public org.springframework.web.servlet.ModelAndView sample.web.ui.mvc.MessageController.modifyForm(sample.web.ui.Message)
2018-08-26 15:17:48.882 [o.s.w.s.m.m.a.RequestMappingHandlerMapping] AbstractHandlerMethodMapping.java:547 INFO Mapped "{[/error]}" onto public org.springframework.http.ResponseEntity<java.util.Map<java.lang.String, java.lang.Object>> org.springframework.boot.autoconfigure.web.servlet.error.BasicErrorController.error(javax.servlet.http.HttpServletRequest)
2018-08-26 15:17:48.883 [o.s.w.s.m.m.a.RequestMappingHandlerMapping] AbstractHandlerMethodMapping.java:547 INFO Mapped "{[/error],produces=[text/html]}" onto public org.springframework.web.servlet.ModelAndView org.springframework.boot.autoconfigure.web.servlet.error.BasicErrorController.errorHtml(javax.servlet.http.HttpServletRequest,javax.servlet.http.HttpServletResponse)
2018-08-26 15:17:48.932 [o.s.w.s.h.SimpleUrlHandlerMapping] AbstractUrlHandlerMapping.java:373 INFO Mapped URL path [/webjars/**] onto handler of type [class org.springframework.web.servlet.resource.ResourceHttpRequestHandler]
2018-08-26 15:17:48.933 [o.s.w.s.h.SimpleUrlHandlerMapping] AbstractUrlHandlerMapping.java:373 INFO Mapped URL path [/**] onto handler of type [class org.springframework.web.servlet.resource.ResourceHttpRequestHandler]
2018-08-26 15:17:49.367 [o.s.j.e.a.AnnotationMBeanExporter] MBeanExporter.java:433 INFO Registering beans for JMX exposure on startup
2018-08-26 15:17:49.428 [o.s.b.w.e.t.TomcatWebServer] TomcatWebServer.java:206 INFO Tomcat started on port(s): 8080 (http) with context path ''
2018-08-26 15:17:49.445 [s.w.u.SampleWebUiApplication] StartupInfoLogger.java:59 INFO Started SampleWebUiApplication in 5.95 seconds (JVM running for 7.119)
2018-08-26 15:17:58.602 [o.a.c.c.C.[.[.[/]] DirectJDKLog.java:180 INFO Initializing Spring FrameworkServlet 'dispatcherServlet'
2018-08-26 15:17:58.602 [o.s.w.s.DispatcherServlet] FrameworkServlet.java:494 INFO FrameworkServlet 'dispatcherServlet': initialization started
2018-08-26 15:17:58.628 [o.s.w.s.DispatcherServlet] FrameworkServlet.java:509 INFO FrameworkServlet 'dispatcherServlet': initialization completed in 25 ms
